TN:
SF:/Users/lzz/github/pandora/tabs/src/tabs.js
FN:86,(anonymous_1)
FN:118,(anonymous_2)
FN:129,(anonymous_3)
FNF:3
FNH:2
FNDA:2,(anonymous_1)
FNDA:4,(anonymous_2)
FNDA:0,(anonymous_3)
DA:10,1
DA:20,1
DA:87,2
DA:89,2
DA:90,1
DA:93,2
DA:95,2
DA:96,2
DA:119,4
DA:124,4
DA:125,2
DA:126,2
DA:127,0
DA:128,0
DA:131,2
DA:132,2
DA:133,2
DA:137,4
DA:142,4
DA:144,4
DA:145,4
DA:148,4
DA:150,4
DA:155,4
DA:157,4
DA:158,0
DA:159,0
DA:163,4
DA:164,4
DA:174,4
DA:179,1
LF:31
LH:27
BRDA:89,1,0,1
BRDA:89,1,1,1
BRDA:95,2,0,2
BRDA:95,2,1,0
BRDA:126,3,0,2
BRDA:126,3,1,2
BRDA:128,4,0,0
BRDA:128,4,1,2
BRDA:134,5,0,2
BRDA:134,5,1,0
BRDA:143,6,0,4
BRDA:143,6,1,0
BRDA:147,7,0,4
BRDA:147,7,1,0
BRDA:153,8,0,0
BRDA:153,8,1,4
BRF:16
BRH:10
end_of_record
